EDDB UUEE 1
EDDB EGAA 1
EDDS EGLL 2
EDDS EGLL 2
EFHK EBBR 2
EFHK EBBR 2
EGAC EGLL 1
EGCC LTAI 2
EGCC LTAI 2
EGKK EGAA 4
EGKK EGAA 4
EGKK EGAA 4
EGPH EGKK 1
EIDW EHAM 1
EKCH EGLL 3
EKCH EGLL 3
EKCH EGLL 3
EPWA LOWW 2
EPWA LOWW 2
ESSA EHAM 1
LBSF EGKK 1
LEBB EBBR 1
LEBL EGLL 3
LEBL EGLL 3
LEBL EGLL 3
LEMD LSGG 4
LEMD LSGG 4
LEMD LSGG 4
LEMD LSGG 4
LEMG ESSA 1
LEVC EGKK 2
LEVC EGKK 2
LIRF LEMD 5
LIRF LEMD 5
LIRF LEMD 5
LIRF LEMD 5
LIRF LEMD 5
LLBG EGGW 3
LLBG EGGW 3
LLBG EGGW 3
LRCL LEMD 1
LSGG EGLL 1
LSZH UUEE 1
OLBA EGLL 1
URKK UUEE 2
URKK UUEE 2
URSS UUEE 1
UUEE EHAM 3
UUEE EHAM 3
UUEE EHAM 3

