EBBR EKCH 1
EBBR LPPT 1
EBBR LEBB 2
EBBR LEBB 2
EDDB LFSB 13
EDDB LFSB 13
EDDB LFSB 13
EDDB LFSB 13
EDDB LFSB 13
EDDB LFSB 13
EDDB LFSB 13
EDDB LFSB 13
EDDB LFSB 13
EDDB LFSB 13
EDDB LFSB 13
EDDB LFSB 13
EDDB LFSB 13
EDDC EHAM 7
EDDC EHAM 7
EDDC EHAM 7
EDDC EHAM 7
EDDC EHAM 7
EDDC EHAM 7
EDDC EHAM 7
EDDF EGLL 5
EDDF EGLL 5
EDDF EGLL 5
EDDF EGLL 5
EDDF EGLL 5
EDDH EGLL 12
EDDH EGLL 12
EDDH EGLL 12
EDDH EGLL 12
EDDH EGLL 12
EDDH EGLL 12
EDDH EGLL 12
EDDH EGLL 12
EDDH EGLL 12
EDDH EGLL 12
EDDH EGLL 12
EDDH EGLL 12
EDDM EBBR 2
EDDM EBBR 2
EDDS LTAI 10
EDDS LTAI 10
EDDS LTAI 10
EDDS LTAI 10
EDDS LTAI 10
EDDS LTAI 10
EDDS LTAI 10
EDDS LTAI 10
EDDS LTAI 10
EDDS LTAI 10
EDDT LTAI 2
EDDT LTAI 2
EETN EGKK 5
EETN EGKK 5
EETN EGKK 5
EETN EGKK 5
EETN EGKK 5
EFHK LPPT 52
EFHK LPPT 52
EFHK LPPT 52
EFHK LPPT 52
EFHK LPPT 52
EFHK LPPT 52
EFHK LPPT 52
EFHK LPPT 52
EFHK LPPT 52
EFHK LPPT 52
EFHK LPPT 52
EFHK LPPT 52
EFHK LPPT 52
EFHK LPPT 52
EFHK LPPT 52
EFHK LPPT 52
EFHK LPPT 52
EFHK LPPT 52
EFHK LPPT 52
EFHK LPPT 52
EFHK LPPT 52
EFHK LPPT 52
EFHK LPPT 52
EFHK LPPT 52
EFHK LPPT 52
EFHK LPPT 52
EFHK LPPT 52
EFHK LPPT 52
EFHK LPPT 52
EFHK LPPT 52
EFHK LPPT 52
EFHK LPPT 52
EFHK LPPT 52
EFHK LPPT 52
EFHK LPPT 52
EFHK LPPT 52
EFHK LPPT 52
EFHK LPPT 52
EFHK LPPT 52
EFHK LPPT 52
EFHK LPPT 52
EFHK LPPT 52
EFHK LPPT 52
EFHK LPPT 52
EFHK LPPT 52
EFHK LPPT 52
EFHK LPPT 52
EFHK LPPT 52
EFHK LPPT 52
EFHK LPPT 52
EFHK LPPT 52
EFHK LPPT 52
EGAA EGKK 5
EGAA EGKK 5
EGAA EGKK 5
EGAA EGKK 5
EGAA EGKK 5
EGAC EGLL 3
EGAC EGLL 3
EGAC EGLL 3
EGBB GCRR 3
EGBB GCRR 3
EGBB GCRR 3
EGCC LPPT 15
EGCC LPPT 15
EGCC LPPT 15
EGCC LPPT 15
EGCC LPPT 15
EGCC LPPT 15
EGCC LPPT 15
EGCC LPPT 15
EGCC LPPT 15
EGCC LPPT 15
EGCC LPPT 15
EGCC LPPT 15
EGCC LPPT 15
EGCC LPPT 15
EGCC LPPT 15
EGGD LSGG 4
EGGD LSGG 4
EGGD LSGG 4
EGGD LSGG 4
EGGP LRCL 1
EGGW LBSF 8
EGGW LBSF 8
EGGW LBSF 8
EGGW LBSF 8
EGGW LBSF 8
EGGW LBSF 8
EGGW LBSF 8
EGGW LBSF 8
EGKK LEBL 36
EGKK LEBL 36
EGKK LEBL 36
EGKK LEBL 36
EGKK LEBL 36
EGKK LEBL 36
EGKK LEBL 36
EGKK LEBL 36
EGKK LEBL 36
EGKK LEBL 36
EGKK LEBL 36
EGKK LEBL 36
EGKK LEBL 36
EGKK LEBL 36
EGKK LEBL 36
EGKK LEBL 36
EGKK LEBL 36
EGKK LEBL 36
EGKK LEBL 36
EGKK LEBL 36
EGKK LEBL 36
EGKK LEBL 36
EGKK LEBL 36
EGKK LEBL 36
EGKK LEBL 36
EGKK LEBL 36
EGKK LEBL 36
EGKK LEBL 36
EGKK LEBL 36
EGKK LEBL 36
EGKK LEBL 36
EGKK LEBL 36
EGKK LEBL 36
EGKK LEBL 36
EGKK LEBL 36
EGKK LEBL 36
EGLC EGPF 1
EGLL LPPT 47
EGLL LPPT 47
EGLL LPPT 47
EGLL LPPT 47
EGLL LPPT 47
EGLL LPPT 47
EGLL LPPT 47
EGLL LPPT 47
EGLL LPPT 47
EGLL LPPT 47
EGLL LPPT 47
EGLL LPPT 47
EGLL LPPT 47
EGLL LPPT 47
EGLL LPPT 47
EGLL LPPT 47
EGLL LPPT 47
EGLL LPPT 47
EGLL LPPT 47
EGLL LPPT 47
EGLL LPPT 47
EGLL LPPT 47
EGLL LPPT 47
EGLL LPPT 47
EGLL LPPT 47
EGLL LPPT 47
EGLL LPPT 47
EGLL LPPT 47
EGLL LPPT 47
EGLL LPPT 47
EGLL LPPT 47
EGLL LPPT 47
EGLL LPPT 47
EGLL LPPT 47
EGLL LPPT 47
EGLL LPPT 47
EGLL LPPT 47
EGLL LPPT 47
EGLL LPPT 47
EGLL LPPT 47
EGLL LPPT 47
EGLL LPPT 47
EGLL LPPT 47
EGLL LPPT 47
EGLL LPPT 47
EGLL LPPT 47
EGLL LPPT 47
EGMC LEMI 1
EGPD EGLL 2
EGPD EGLL 2
EGPF EGLL 3
EGPF EGLL 3
EGPF EGLL 3
EGPH EGLL 9
EGPH EGLL 9
EGPH EGLL 9
EGPH EGLL 9
EGPH EGLL 9
EGPH EGLL 9
EGPH EGLL 9
EGPH EGLL 9
EGPH EGLL 9
EGSS LUKK 7
EGSS LUKK 7
EGSS LUKK 7
EGSS LUKK 7
EGSS LUKK 7
EGSS LUKK 7
EGSS LUKK 7
EHAM UUEE 20
EHAM UUEE 20
EHAM UUEE 20
EHAM UUEE 20
EHAM UUEE 20
EHAM UUEE 20
EHAM UUEE 20
EHAM UUEE 20
EHAM UUEE 20
EHAM UUEE 20
EHAM UUEE 20
EHAM UUEE 20
EHAM UUEE 20
EHAM UUEE 20
EHAM UUEE 20
EHAM UUEE 20
EHAM UUEE 20
EHAM UUEE 20
EHAM UUEE 20
EHAM UUEE 20
EHEH LEZL 3
EHEH LEZL 3
EHEH LEZL 3
EICK EGLL 2
EICK EGLL 2
EIDW EGKK 27
EIDW EGKK 27
EIDW EGKK 27
EIDW EGKK 27
EIDW EGKK 27
EIDW EGKK 27
EIDW EGKK 27
EIDW EGKK 27
EIDW EGKK 27
EIDW EGKK 27
EIDW EGKK 27
EIDW EGKK 27
EIDW EGKK 27
EIDW EGKK 27
EIDW EGKK 27
EIDW EGKK 27
EIDW EGKK 27
EIDW EGKK 27
EIDW EGKK 27
EIDW EGKK 27
EIDW EGKK 27
EIDW EGKK 27
EIDW EGKK 27
EIDW EGKK 27
EIDW EGKK 27
EIDW EGKK 27
EIDW EGKK 27
EIKN EGGW 1
EINN EGLL 3
EINN EGLL 3
EINN EGLL 3
EKCH EGKK 39
EKCH EGKK 39
EKCH EGKK 39
EKCH EGKK 39
EKCH EGKK 39
EKCH EGKK 39
EKCH EGKK 39
EKCH EGKK 39
EKCH EGKK 39
EKCH EGKK 39
EKCH EGKK 39
EKCH EGKK 39
EKCH EGKK 39
EKCH EGKK 39
EKCH EGKK 39
EKCH EGKK 39
EKCH EGKK 39
EKCH EGKK 39
EKCH EGKK 39
EKCH EGKK 39
EKCH EGKK 39
EKCH EGKK 39
EKCH EGKK 39
EKCH EGKK 39
EKCH EGKK 39
EKCH EGKK 39
EKCH EGKK 39
EKCH EGKK 39
EKCH EGKK 39
EKCH EGKK 39
EKCH EGKK 39
EKCH EGKK 39
EKCH EGKK 39
EKCH EGKK 39
EKCH EGKK 39
EKCH EGKK 39
EKCH EGKK 39
EKCH EGKK 39
EKCH EGKK 39
ELLX EDDB 3
ELLX EDDB 3
ELLX EDDB 3
ENZV EKCH 1
EPBY EGGW 1
EPWA EGLL 24
EPWA EGLL 24
EPWA EGLL 24
EPWA EGLL 24
EPWA EGLL 24
EPWA EGLL 24
EPWA EGLL 24
EPWA EGLL 24
EPWA EGLL 24
EPWA EGLL 24
EPWA EGLL 24
EPWA EGLL 24
EPWA EGLL 24
EPWA EGLL 24
EPWA EGLL 24
EPWA EGLL 24
EPWA EGLL 24
EPWA EGLL 24
EPWA EGLL 24
EPWA EGLL 24
EPWA EGLL 24
EPWA EGLL 24
EPWA EGLL 24
EPWA EGLL 24
ESSA EGLL 9
ESSA EGLL 9
ESSA EGLL 9
ESSA EGLL 9
ESSA EGLL 9
ESSA EGLL 9
ESSA EGLL 9
ESSA EGLL 9
ESSA EGLL 9
ESSL EHAM 1
EVRA EGNM 14
EVRA EGNM 14
EVRA EGNM 14
EVRA EGNM 14
EVRA EGNM 14
EVRA EGNM 14
EVRA EGNM 14
EVRA EGNM 14
EVRA EGNM 14
EVRA EGNM 14
EVRA EGNM 14
EVRA EGNM 14
EVRA EGNM 14
EVRA EGNM 14
FACT EGLL 1
GMMN LFPO 5
GMMN LFPO 5
GMMN LFPO 5
GMMN LFPO 5
GMMN LFPO 5
GMMX EGLL 3
GMMX EGLL 3
GMMX EGLL 3
LBSF EGMC 17
LBSF EGMC 17
LBSF EGMC 17
LBSF EGMC 17
LBSF EGMC 17
LBSF EGMC 17
LBSF EGMC 17
LBSF EGMC 17
LBSF EGMC 17
LBSF EGMC 17
LBSF EGMC 17
LBSF EGMC 17
LBSF EGMC 17
LBSF EGMC 17
LBSF EGMC 17
LBSF EGMC 17
LBSF EGMC 17
LDZA EGLL 9
LDZA EGLL 9
LDZA EGLL 9
LDZA EGLL 9
LDZA EGLL 9
LDZA EGLL 9
LDZA EGLL 9
LDZA EGLL 9
LDZA EGLL 9
LEAL EGKK 1
LEAM EGKK 1
LEBB LEZL 7
LEBB LEZL 7
LEBB LEZL 7
LEBB LEZL 7
LEBB LEZL 7
LEBB LEZL 7
LEBB LEZL 7
LEBL LIRF 59
LEBL LIRF 59
LEBL LIRF 59
LEBL LIRF 59
LEBL LIRF 59
LEBL LIRF 59
LEBL LIRF 59
LEBL LIRF 59
LEBL LIRF 59
LEBL LIRF 59
LEBL LIRF 59
LEBL LIRF 59
LEBL LIRF 59
LEBL LIRF 59
LEBL LIRF 59
LEBL LIRF 59
LEBL LIRF 59
LEBL LIRF 59
LEBL LIRF 59
LEBL LIRF 59
LEBL LIRF 59
LEBL LIRF 59
LEBL LIRF 59
LEBL LIRF 59
LEBL LIRF 59
LEBL LIRF 59
LEBL LIRF 59
LEBL LIRF 59
LEBL LIRF 59
LEBL LIRF 59
LEBL LIRF 59
LEBL LIRF 59
LEBL LIRF 59
LEBL LIRF 59
LEBL LIRF 59
LEBL LIRF 59
LEBL LIRF 59
LEBL LIRF 59
LEBL LIRF 59
LEBL LIRF 59
LEBL LIRF 59
LEBL LIRF 59
LEBL LIRF 59
LEBL LIRF 59
LEBL LIRF 59
LEBL LIRF 59
LEBL LIRF 59
LEBL LIRF 59
LEBL LIRF 59
LEBL LIRF 59
LEBL LIRF 59
LEBL LIRF 59
LEBL LIRF 59
LEBL LIRF 59
LEBL LIRF 59
LEBL LIRF 59
LEBL LIRF 59
LEBL LIRF 59
LEBL LIRF 59
LEMD EGLL 56
LEMD EGLL 56
LEMD EGLL 56
LEMD EGLL 56
LEMD EGLL 56
LEMD EGLL 56
LEMD EGLL 56
LEMD EGLL 56
LEMD EGLL 56
LEMD EGLL 56
LEMD EGLL 56
LEMD EGLL 56
LEMD EGLL 56
LEMD EGLL 56
LEMD EGLL 56
LEMD EGLL 56
LEMD EGLL 56
LEMD EGLL 56
LEMD EGLL 56
LEMD EGLL 56
LEMD EGLL 56
LEMD EGLL 56
LEMD EGLL 56
LEMD EGLL 56
LEMD EGLL 56
LEMD EGLL 56
LEMD EGLL 56
LEMD EGLL 56
LEMD EGLL 56
LEMD EGLL 56
LEMD EGLL 56
LEMD EGLL 56
LEMD EGLL 56
LEMD EGLL 56
LEMD EGLL 56
LEMD EGLL 56
LEMD EGLL 56
LEMD EGLL 56
LEMD EGLL 56
LEMD EGLL 56
LEMD EGLL 56
LEMD EGLL 56
LEMD EGLL 56
LEMD EGLL 56
LEMD EGLL 56
LEMD EGLL 56
LEMD EGLL 56
LEMD EGLL 56
LEMD EGLL 56
LEMD EGLL 56
LEMD EGLL 56
LEMD EGLL 56
LEMD EGLL 56
LEMD EGLL 56
LEMD EGLL 56
LEMD EGLL 56
LEMG EGLL 37
LEMG EGLL 37
LEMG EGLL 37
LEMG EGLL 37
LEMG EGLL 37
LEMG EGLL 37
LEMG EGLL 37
LEMG EGLL 37
LEMG EGLL 37
LEMG EGLL 37
LEMG EGLL 37
LEMG EGLL 37
LEMG EGLL 37
LEMG EGLL 37
LEMG EGLL 37
LEMG EGLL 37
LEMG EGLL 37
LEMG EGLL 37
LEMG EGLL 37
LEMG EGLL 37
LEMG EGLL 37
LEMG EGLL 37
LEMG EGLL 37
LEMG EGLL 37
LEMG EGLL 37
LEMG EGLL 37
LEMG EGLL 37
LEMG EGLL 37
LEMG EGLL 37
LEMG EGLL 37
LEMG EGLL 37
LEMG EGLL 37
LEMG EGLL 37
LEMG EGLL 37
LEMG EGLL 37
LEMG EGLL 37
LEMG EGLL 37
LEMI EGKK 2
LEMI EGKK 2
LEVC LPPT 17
LEVC LPPT 17
LEVC LPPT 17
LEVC LPPT 17
LEVC LPPT 17
LEVC LPPT 17
LEVC LPPT 17
LEVC LPPT 17
LEVC LPPT 17
LEVC LPPT 17
LEVC LPPT 17
LEVC LPPT 17
LEVC LPPT 17
LEVC LPPT 17
LEVC LPPT 17
LEVC LPPT 17
LEVC LPPT 17
LEZL EHAM 8
LEZL EHAM 8
LEZL EHAM 8
LEZL EHAM 8
LEZL EHAM 8
LEZL EHAM 8
LEZL EHAM 8
LEZL EHAM 8
LFMN EGGW 17
LFMN EGGW 17
LFMN EGGW 17
LFMN EGGW 17
LFMN EGGW 17
LFMN EGGW 17
LFMN EGGW 17
LFMN EGGW 17
LFMN EGGW 17
LFMN EGGW 17
LFMN EGGW 17
LFMN EGGW 17
LFMN EGGW 17
LFMN EGGW 17
LFMN EGGW 17
LFMN EGGW 17
LFMN EGGW 17
LFSB EGKK 3
LFSB EGKK 3
LFSB EGKK 3
LGTS ESSA 6
LGTS ESSA 6
LGTS ESSA 6
LGTS ESSA 6
LGTS ESSA 6
LGTS ESSA 6
LHBP EGKK 8
LHBP EGKK 8
LHBP EGKK 8
LHBP EGKK 8
LHBP EGKK 8
LHBP EGKK 8
LHBP EGKK 8
LHBP EGKK 8
LIEE LIPH 1
LIMC EGKK 8
LIMC EGKK 8
LIMC EGKK 8
LIMC EGKK 8
LIMC EGKK 8
LIMC EGKK 8
LIMC EGKK 8
LIMC EGKK 8
LIML LIEE 1
LIPZ EBBR 7
LIPZ EBBR 7
LIPZ EBBR 7
LIPZ EBBR 7
LIPZ EBBR 7
LIPZ EBBR 7
LIPZ EBBR 7
LIRA EIDW 1
LIRF ESSA 55
LIRF ESSA 55
LIRF ESSA 55
LIRF ESSA 55
LIRF ESSA 55
LIRF ESSA 55
LIRF ESSA 55
LIRF ESSA 55
LIRF ESSA 55
LIRF ESSA 55
LIRF ESSA 55
LIRF ESSA 55
LIRF ESSA 55
LIRF ESSA 55
LIRF ESSA 55
LIRF ESSA 55
LIRF ESSA 55
LIRF ESSA 55
LIRF ESSA 55
LIRF ESSA 55
LIRF ESSA 55
LIRF ESSA 55
LIRF ESSA 55
LIRF ESSA 55
LIRF ESSA 55
LIRF ESSA 55
LIRF ESSA 55
LIRF ESSA 55
LIRF ESSA 55
LIRF ESSA 55
LIRF ESSA 55
LIRF ESSA 55
LIRF ESSA 55
LIRF ESSA 55
LIRF ESSA 55
LIRF ESSA 55
LIRF ESSA 55
LIRF ESSA 55
LIRF ESSA 55
LIRF ESSA 55
LIRF ESSA 55
LIRF ESSA 55
LIRF ESSA 55
LIRF ESSA 55
LIRF ESSA 55
LIRF ESSA 55
LIRF ESSA 55
LIRF ESSA 55
LIRF ESSA 55
LIRF ESSA 55
LIRF ESSA 55
LIRF ESSA 55
LIRF ESSA 55
LIRF ESSA 55
LIRF ESSA 55
LIRN LFSB 1
LIRQ EGKK 1
LLBG EGGW 45
LLBG EGGW 45
LLBG EGGW 45
LLBG EGGW 45
LLBG EGGW 45
LLBG EGGW 45
LLBG EGGW 45
LLBG EGGW 45
LLBG EGGW 45
LLBG EGGW 45
LLBG EGGW 45
LLBG EGGW 45
LLBG EGGW 45
LLBG EGGW 45
LLBG EGGW 45
LLBG EGGW 45
LLBG EGGW 45
LLBG EGGW 45
LLBG EGGW 45
LLBG EGGW 45
LLBG EGGW 45
LLBG EGGW 45
LLBG EGGW 45
LLBG EGGW 45
LLBG EGGW 45
LLBG EGGW 45
LLBG EGGW 45
LLBG EGGW 45
LLBG EGGW 45
LLBG EGGW 45
LLBG EGGW 45
LLBG EGGW 45
LLBG EGGW 45
LLBG EGGW 45
LLBG EGGW 45
LLBG EGGW 45
LLBG EGGW 45
LLBG EGGW 45
LLBG EGGW 45
LLBG EGGW 45
LLBG EGGW 45
LLBG EGGW 45
LLBG EGGW 45
LLBG EGGW 45
LLBG EGGW 45
LMML EGLL 1
LOWW LBSF 4
LOWW LBSF 4
LOWW LBSF 4
LOWW LBSF 4
LPPT EBBR 44
LPPT EBBR 44
LPPT EBBR 44
LPPT EBBR 44
LPPT EBBR 44
LPPT EBBR 44
LPPT EBBR 44
LPPT EBBR 44
LPPT EBBR 44
LPPT EBBR 44
LPPT EBBR 44
LPPT EBBR 44
LPPT EBBR 44
LPPT EBBR 44
LPPT EBBR 44
LPPT EBBR 44
LPPT EBBR 44
LPPT EBBR 44
LPPT EBBR 44
LPPT EBBR 44
LPPT EBBR 44
LPPT EBBR 44
LPPT EBBR 44
LPPT EBBR 44
LPPT EBBR 44
LPPT EBBR 44
LPPT EBBR 44
LPPT EBBR 44
LPPT EBBR 44
LPPT EBBR 44
LPPT EBBR 44
LPPT EBBR 44
LPPT EBBR 44
LPPT EBBR 44
LPPT EBBR 44
LPPT EBBR 44
LPPT EBBR 44
LPPT EBBR 44
LPPT EBBR 44
LPPT EBBR 44
LPPT EBBR 44
LPPT EBBR 44
LPPT EBBR 44
LPPT EBBR 44
LRCL EGGW 2
LRCL EGGW 2
LRTR EGGW 1
LSGG EGGW 23
LSGG EGGW 23
LSGG EGGW 23
LSGG EGGW 23
LSGG EGGW 23
LSGG EGGW 23
LSGG EGGW 23
LSGG EGGW 23
LSGG EGGW 23
LSGG EGGW 23
LSGG EGGW 23
LSGG EGGW 23
LSGG EGGW 23
LSGG EGGW 23
LSGG EGGW 23
LSGG EGGW 23
LSGG EGGW 23
LSGG EGGW 23
LSGG EGGW 23
LSGG EGGW 23
LSGG EGGW 23
LSGG EGGW 23
LSGG EGGW 23
LSZH EGKK 35
LSZH EGKK 35
LSZH EGKK 35
LSZH EGKK 35
LSZH EGKK 35
LSZH EGKK 35
LSZH EGKK 35
LSZH EGKK 35
LSZH EGKK 35
LSZH EGKK 35
LSZH EGKK 35
LSZH EGKK 35
LSZH EGKK 35
LSZH EGKK 35
LSZH EGKK 35
LSZH EGKK 35
LSZH EGKK 35
LSZH EGKK 35
LSZH EGKK 35
LSZH EGKK 35
LSZH EGKK 35
LSZH EGKK 35
LSZH EGKK 35
LSZH EGKK 35
LSZH EGKK 35
LSZH EGKK 35
LSZH EGKK 35
LSZH EGKK 35
LSZH EGKK 35
LSZH EGKK 35
LSZH EGKK 35
LSZH EGKK 35
LSZH EGKK 35
LSZH EGKK 35
LSZH EGKK 35
LTAF LTAI 1
LTAI LFSB 11
LTAI LFSB 11
LTAI LFSB 11
LTAI LFSB 11
LTAI LFSB 11
LTAI LFSB 11
LTAI LFSB 11
LTAI LFSB 11
LTAI LFSB 11
LTAI LFSB 11
LTAI LFSB 11
LUKK UUEE 5
LUKK UUEE 5
LUKK UUEE 5
LUKK UUEE 5
LUKK UUEE 5
LXGB EGLL 3
LXGB EGLL 3
LXGB EGLL 3
LYBE EGLL 3
LYBE EGLL 3
LYBE EGLL 3
OLBA GMMN 12
OLBA GMMN 12
OLBA GMMN 12
OLBA GMMN 12
OLBA GMMN 12
OLBA GMMN 12
OLBA GMMN 12
OLBA GMMN 12
OLBA GMMN 12
OLBA GMMN 12
OLBA GMMN 12
OLBA GMMN 12
UMMS UUEE 7
UMMS UUEE 7
UMMS UUEE 7
UMMS UUEE 7
UMMS UUEE 7
UMMS UUEE 7
UMMS UUEE 7
URKK UUEE 4
URKK UUEE 4
URKK UUEE 4
URKK UUEE 4
URSS UUEE 12
URSS UUEE 12
URSS UUEE 12
URSS UUEE 12
URSS UUEE 12
URSS UUEE 12
URSS UUEE 12
URSS UUEE 12
URSS UUEE 12
URSS UUEE 12
URSS UUEE 12
URSS UUEE 12
UUEE LIMC 47
UUEE LIMC 47
UUEE LIMC 47
UUEE LIMC 47
UUEE LIMC 47
UUEE LIMC 47
UUEE LIMC 47
UUEE LIMC 47
UUEE LIMC 47
UUEE LIMC 47
UUEE LIMC 47
UUEE LIMC 47
UUEE LIMC 47
UUEE LIMC 47
UUEE LIMC 47
UUEE LIMC 47
UUEE LIMC 47
UUEE LIMC 47
UUEE LIMC 47
UUEE LIMC 47
UUEE LIMC 47
UUEE LIMC 47
UUEE LIMC 47
UUEE LIMC 47
UUEE LIMC 47
UUEE LIMC 47
UUEE LIMC 47
UUEE LIMC 47
UUEE LIMC 47
UUEE LIMC 47
UUEE LIMC 47
UUEE LIMC 47
UUEE LIMC 47
UUEE LIMC 47
UUEE LIMC 47
UUEE LIMC 47
UUEE LIMC 47
UUEE LIMC 47
UUEE LIMC 47
UUEE LIMC 47
UUEE LIMC 47
UUEE LIMC 47
UUEE LIMC 47
UUEE LIMC 47
UUEE LIMC 47
UUEE LIMC 47
UUEE LIMC 47
UUOB UUEE 2
UUOB UUEE 2
UUWW URKK 1

