EDDB UUEE 1
EDDF LTBJ 1
EDDH EGLL 2
EDDH EGLL 2
EDDS UUEE 1
EFHK UUEE 5
EFHK UUEE 5
EFHK UUEE 5
EFHK UUEE 5
EFHK UUEE 5
EGCC LTAI 2
EGCC LTAI 2
EGGW LBSF 1
EGKK EKCH 4
EGKK EKCH 4
EGKK EKCH 4
EGKK EKCH 4
EGLL LFSB 7
EGLL LFSB 7
EGLL LFSB 7
EGLL LFSB 7
EGLL LFSB 7
EGLL LFSB 7
EGLL LFSB 7
EGPH EIDW 2
EGPH EIDW 2
EHAM ESSA 1
EIDW LUKK 3
EIDW LUKK 3
EIDW LUKK 3
EKCH LEBL 10
EKCH LEBL 10
EKCH LEBL 10
EKCH LEBL 10
EKCH LEBL 10
EKCH LEBL 10
EKCH LEBL 10
EKCH LEBL 10
EKCH LEBL 10
EKCH LEBL 10
ELLX EGLL 1
EPWA LSZH 3
EPWA LSZH 3
EPWA LSZH 3
EVRA EKCH 3
EVRA EKCH 3
EVRA EKCH 3
LDZA EHAM 4
LDZA EHAM 4
LDZA EHAM 4
LDZA EHAM 4
LEBB LPPT 1
LEBL LIRF 6
LEBL LIRF 6
LEBL LIRF 6
LEBL LIRF 6
LEBL LIRF 6
LEBL LIRF 6
LEGR LEBL 1
LEMD EGLL 7
LEMD EGLL 7
LEMD EGLL 7
LEMD EGLL 7
LEMD EGLL 7
LEMD EGLL 7
LEMD EGLL 7
LEMG EGKK 2
LEMG EGKK 2
LEVC EGKK 2
LEVC EGKK 2
LFPO LEMD 1
LIMC UUEE 1
LIPZ LSGG 1
LIRF UUEE 1
LIRQ EHAM 1
LLBG EGLL 6
LLBG EGLL 6
LLBG EGLL 6
LLBG EGLL 6
LLBG EGLL 6
LLBG EGLL 6
LOWW EGLL 1
LPPT EGLL 4
LPPT EGLL 4
LPPT EGLL 4
LPPT EGLL 4
LSGG EGPF 2
LSGG EGPF 2
LSZH EHAM 2
LSZH EHAM 2
OLBA EHAM 1
UKLL EGGW 1
URSS UUEE 2
URSS UUEE 2
UUEE EDDB 6
UUEE EDDB 6
UUEE EDDB 6
UUEE EDDB 6
UUEE EDDB 6
UUEE EDDB 6

