EDDH LEZL 1
EDDH UUEE 3
EDDH UUEE 3
EDDH UUEE 3
EDDH UUEE 3
EDDS EKCH 3
EDDS EKCH 3
EDDS EKCH 3
EETN ESSA 2
EETN ESSA 2
EFHK EGLL 8
EFHK EGLL 8
EFHK EGLL 8
EFHK EGLL 8
EFHK EGLL 8
EFHK EGLL 8
EFHK EGLL 8
EFHK EGLL 8
EGAC EGLL 1
EGBB EKCH 1
EGCC EKCH 1
EGGW LEMG 2
EGGW LEMG 2
EGKK EGPF 6
EGKK EGPF 6
EGKK EGPF 6
EGKK EGPF 6
EGKK EGPF 6
EGKK EGPF 6
EGLL LSGG 12
EGLL LSGG 12
EGLL LSGG 12
EGLL LSGG 12
EGLL LSGG 12
EGLL LSGG 12
EGLL LSGG 12
EGLL LSGG 12
EGLL LSGG 12
EGLL LSGG 12
EGLL LSGG 12
EGLL LSGG 12
EGNM LZIB 1
EGNX EDDB 1
EGPD EHAM 1
EGPF EHAM 1
EGPH LBSF 3
EGPH LBSF 3
EGPH LBSF 3
EGSS LZIB 1
EHAM EGLL 3
EHAM EGLL 3
EHAM EGLL 3
EIDW EGKK 4
EIDW EGKK 4
EIDW EGKK 4
EIDW EGKK 4
EINN EGLL 1
EKCH LEBL 10
EKCH LEBL 10
EKCH LEBL 10
EKCH LEBL 10
EKCH LEBL 10
EKCH LEBL 10
EKCH LEBL 10
EKCH LEBL 10
EKCH LEBL 10
EKCH LEBL 10
EPPO EGGW 2
EPPO EGGW 2
EPWA OLBA 4
EPWA OLBA 4
EPWA OLBA 4
EPWA OLBA 4
EVRA UUEE 4
EVRA UUEE 4
EVRA UUEE 4
EVRA UUEE 4
GMMN LSGG 2
GMMN LSGG 2
GMMX EGKK 1
KDEN EGLL 1
LBSF EKCH 7
LBSF EKCH 7
LBSF EKCH 7
LBSF EKCH 7
LBSF EKCH 7
LBSF EKCH 7
LBSF EKCH 7
LDZA EGLL 1
LEBB EGKK 1
LEBL LSGG 11
LEBL LSGG 11
LEBL LSGG 11
LEBL LSGG 11
LEBL LSGG 11
LEBL LSGG 11
LEBL LSGG 11
LEBL LSGG 11
LEBL LSGG 11
LEBL LSGG 11
LEBL LSGG 11
LEMD EGKK 15
LEMD EGKK 15
LEMD EGKK 15
LEMD EGKK 15
LEMD EGKK 15
LEMD EGKK 15
LEMD EGKK 15
LEMD EGKK 15
LEMD EGKK 15
LEMD EGKK 15
LEMD EGKK 15
LEMD EGKK 15
LEMD EGKK 15
LEMD EGKK 15
LEMD EGKK 15
LEMG EGKK 7
LEMG EGKK 7
LEMG EGKK 7
LEMG EGKK 7
LEMG EGKK 7
LEMG EGKK 7
LEMG EGKK 7
LEVC EGKK 4
LEVC EGKK 4
LEVC EGKK 4
LEVC EGKK 4
LEZL EDDF 3
LEZL EDDF 3
LEZL EDDF 3
LFMN EGKK 3
LFMN EGKK 3
LFMN EGKK 3
LFPO LEMD 1
LFRB LFPO 1
LFSB EGKK 1
LGTS UUEE 2
LGTS UUEE 2
LIMC UUEE 2
LIMC UUEE 2
LIRF EGLL 9
LIRF EGLL 9
LIRF EGLL 9
LIRF EGLL 9
LIRF EGLL 9
LIRF EGLL 9
LIRF EGLL 9
LIRF EGLL 9
LIRF EGLL 9
LIRQ EDDF 1
LLBG EGLL 11
LLBG EGLL 11
LLBG EGLL 11
LLBG EGLL 11
LLBG EGLL 11
LLBG EGLL 11
LLBG EGLL 11
LLBG EGLL 11
LLBG EGLL 11
LLBG EGLL 11
LLBG EGLL 11
LOWW UUEE 1
LPFR EGPH 1
LPPT EGKK 8
LPPT EGKK 8
LPPT EGKK 8
LPPT EGKK 8
LPPT EGKK 8
LPPT EGKK 8
LPPT EGKK 8
LPPT EGKK 8
LRCL EIDW 3
LRCL EIDW 3
LRCL EIDW 3
LSGG EGKK 3
LSGG EGKK 3
LSGG EGKK 3
LSZH EGGW 5
LSZH EGGW 5
LSZH EGGW 5
LSZH EGGW 5
LSZH EGGW 5
OLBA GMMN 2
OLBA GMMN 2
UMMS EGKK 2
UMMS EGKK 2
URKK UUEE 2
URKK UUEE 2
URSS UUEE 4
URSS UUEE 4
URSS UUEE 4
UUEE URKK 9
UUEE URKK 9
UUEE URKK 9
UUEE URKK 9
UUEE URKK 9
UUEE URKK 9
UUEE URKK 9
UUEE URKK 9
UUEE URKK 9

