EBBR LPPT 6
EBBR EHAM 1
EBBR LPPT 6
EBBR LPPT 6
EBBR LPPT 6
EBBR LPPT 6
EBBR LPPT 6
EDDB EGKK 2
EDDB EGKK 2
EDDC LSZH 1
EDDF EGLL 2
EDDF EGLL 2
EDDH EGLL 8
EDDH EGLL 8
EDDH EGLL 8
EDDH EGLL 8
EDDH EGLL 8
EDDH EGLL 8
EDDH EGLL 8
EDDH EGLL 8
EDDS EGLL 4
EDDS EGLL 4
EDDS EGLL 4
EDDS EGLL 4
EDDT LPPT 1
EETN EKCH 5
EETN EKCH 5
EETN EKCH 5
EETN EKCH 5
EETN EKCH 5
EFHK LPPT 21
EFHK LPPT 21
EFHK LPPT 21
EFHK LPPT 21
EFHK LPPT 21
EFHK LPPT 21
EFHK LPPT 21
EFHK LPPT 21
EFHK LPPT 21
EFHK LPPT 21
EFHK LPPT 21
EFHK LPPT 21
EFHK LPPT 21
EFHK LPPT 21
EFHK LPPT 21
EFHK LPPT 21
EFHK LPPT 21
EFHK LPPT 21
EFHK LPPT 21
EFHK LPPT 21
EFHK LPPT 21
EGAA EGKK 1
EGAC EGLL 1
EGCC GCRR 9
EGCC GCRR 9
EGCC GCRR 9
EGCC GCRR 9
EGCC GCRR 9
EGCC GCRR 9
EGCC GCRR 9
EGCC GCRR 9
EGCC GCRR 9
EGGD LSGG 1
EGGP LSGG 2
EGGP LSGG 2
EGGW LRTR 3
EGGW LRTR 3
EGGW LRTR 3
EGKK EKCH 12
EGKK EKCH 12
EGKK EKCH 12
EGKK EKCH 12
EGKK EKCH 12
EGKK EKCH 12
EGKK EKCH 12
EGKK EKCH 12
EGKK EKCH 12
EGKK EKCH 12
EGKK EKCH 12
EGKK EKCH 12
EGLC EGPF 1
EGLL ESSA 27
EGLL ESSA 27
EGLL ESSA 27
EGLL ESSA 27
EGLL ESSA 27
EGLL ESSA 27
EGLL ESSA 27
EGLL ESSA 27
EGLL ESSA 27
EGLL ESSA 27
EGLL ESSA 27
EGLL ESSA 27
EGLL ESSA 27
EGLL ESSA 27
EGLL ESSA 27
EGLL ESSA 27
EGLL ESSA 27
EGLL ESSA 27
EGLL ESSA 27
EGLL ESSA 27
EGLL ESSA 27
EGLL ESSA 27
EGLL ESSA 27
EGLL ESSA 27
EGLL ESSA 27
EGLL ESSA 27
EGLL ESSA 27
EGNM LZIB 1
EGPD EHAM 1
EGPH EGLL 3
EGPH EGLL 3
EGPH EGLL 3
EGSS LEZL 5
EGSS LEZL 5
EGSS LEZL 5
EGSS LEZL 5
EGSS LEZL 5
EHAM UUEE 14
EHAM UUEE 14
EHAM UUEE 14
EHAM UUEE 14
EHAM UUEE 14
EHAM UUEE 14
EHAM UUEE 14
EHAM UUEE 14
EHAM UUEE 14
EHAM UUEE 14
EHAM UUEE 14
EHAM UUEE 14
EHAM UUEE 14
EHAM UUEE 14
EICK EGKK 1
EIDW EGKK 20
EIDW EGKK 20
EIDW EGKK 20
EIDW EGKK 20
EIDW EGKK 20
EIDW EGKK 20
EIDW EGKK 20
EIDW EGKK 20
EIDW EGKK 20
EIDW EGKK 20
EIDW EGKK 20
EIDW EGKK 20
EIDW EGKK 20
EIDW EGKK 20
EIDW EGKK 20
EIDW EGKK 20
EIDW EGKK 20
EIDW EGKK 20
EIDW EGKK 20
EIDW EGKK 20
EIKN EGKK 1
EINN EGSS 4
EINN EGSS 4
EINN EGSS 4
EINN EGSS 4
EKCH EGLL 20
EKCH EGLL 20
EKCH EGLL 20
EKCH EGLL 20
EKCH EGLL 20
EKCH EGLL 20
EKCH EGLL 20
EKCH EGLL 20
EKCH EGLL 20
EKCH EGLL 20
EKCH EGLL 20
EKCH EGLL 20
EKCH EGLL 20
EKCH EGLL 20
EKCH EGLL 20
EKCH EGLL 20
EKCH EGLL 20
EKCH EGLL 20
EKCH EGLL 20
EKCH EGLL 20
ELLX EDDB 2
ELLX EDDB 2
ENZV EGLL 3
ENZV EGLL 3
ENZV EGLL 3
EPWA EGLL 13
EPWA EGLL 13
EPWA EGLL 13
EPWA EGLL 13
EPWA EGLL 13
EPWA EGLL 13
EPWA EGLL 13
EPWA EGLL 13
EPWA EGLL 13
EPWA EGLL 13
EPWA EGLL 13
EPWA EGLL 13
EPWA EGLL 13
ESSA EGLL 5
ESSA EGLL 5
ESSA EGLL 5
ESSA EGLL 5
ESSA EGLL 5
ESTA ESSB 2
ESTA ESSB 2
EVRA UUEE 5
EVRA UUEE 5
EVRA UUEE 5
EVRA UUEE 5
EVRA UUEE 5
GMMN LPPT 3
GMMN LPPT 3
GMMN LPPT 3
GMMX EDDB 3
GMMX EDDB 3
GMMX EDDB 3
LBSF EGGW 1
LDZA EKCH 1
LEBB LEZL 1
LEBL LIRF 34
LEBL LIRF 34
LEBL LIRF 34
LEBL LIRF 34
LEBL LIRF 34
LEBL LIRF 34
LEBL LIRF 34
LEBL LIRF 34
LEBL LIRF 34
LEBL LIRF 34
LEBL LIRF 34
LEBL LIRF 34
LEBL LIRF 34
LEBL LIRF 34
LEBL LIRF 34
LEBL LIRF 34
LEBL LIRF 34
LEBL LIRF 34
LEBL LIRF 34
LEBL LIRF 34
LEBL LIRF 34
LEBL LIRF 34
LEBL LIRF 34
LEBL LIRF 34
LEBL LIRF 34
LEBL LIRF 34
LEBL LIRF 34
LEBL LIRF 34
LEBL LIRF 34
LEBL LIRF 34
LEBL LIRF 34
LEBL LIRF 34
LEBL LIRF 34
LEBL LIRF 34
LEGR EGKK 2
LEGR EGKK 2
LEMD LIRF 32
LEMD LIRF 32
LEMD LIRF 32
LEMD LIRF 32
LEMD LIRF 32
LEMD LIRF 32
LEMD LIRF 32
LEMD LIRF 32
LEMD LIRF 32
LEMD LIRF 32
LEMD LIRF 32
LEMD LIRF 32
LEMD LIRF 32
LEMD LIRF 32
LEMD LIRF 32
LEMD LIRF 32
LEMD LIRF 32
LEMD LIRF 32
LEMD LIRF 32
LEMD LIRF 32
LEMD LIRF 32
LEMD LIRF 32
LEMD LIRF 32
LEMD LIRF 32
LEMD LIRF 32
LEMD LIRF 32
LEMD LIRF 32
LEMD LIRF 32
LEMD LIRF 32
LEMD LIRF 32
LEMD LIRF 32
LEMD LIRF 32
LEMG EGGW 15
LEMG EGGW 15
LEMG EGGW 15
LEMG EGGW 15
LEMG EGGW 15
LEMG EGGW 15
LEMG EGGW 15
LEMG EGGW 15
LEMG EGGW 15
LEMG EGGW 15
LEMG EGGW 15
LEMG EGGW 15
LEMG EGGW 15
LEMG EGGW 15
LEMG EGGW 15
LEVC EHAM 7
LEVC EHAM 7
LEVC EHAM 7
LEVC EHAM 7
LEVC EHAM 7
LEVC EHAM 7
LEVC EHAM 7
LEZL EGGW 3
LEZL EGGW 3
LEZL EGGW 3
LFLL UUEE 1
LFMN EDDB 6
LFMN EDDB 6
LFMN EDDB 6
LFMN EDDB 6
LFMN EDDB 6
LFMN EDDB 6
LFRB LFPO 1
LFSB EGLL 5
LFSB EGLL 5
LFSB EGLL 5
LFSB EGLL 5
LFSB EGLL 5
LGTS LZIB 3
LGTS LZIB 3
LGTS LZIB 3
LIMC EKCH 5
LIMC EKCH 5
LIMC EKCH 5
LIMC EKCH 5
LIMC EKCH 5
LIML EBBR 1
LIPZ EGKK 2
LIPZ EGKK 2
LIRA LEZL 1
LIRF LEBL 28
LIRF LEBL 28
LIRF LEBL 28
LIRF LEBL 28
LIRF LEBL 28
LIRF LEBL 28
LIRF LEBL 28
LIRF LEBL 28
LIRF LEBL 28
LIRF LEBL 28
LIRF LEBL 28
LIRF LEBL 28
LIRF LEBL 28
LIRF LEBL 28
LIRF LEBL 28
LIRF LEBL 28
LIRF LEBL 28
LIRF LEBL 28
LIRF LEBL 28
LIRF LEBL 28
LIRF LEBL 28
LIRF LEBL 28
LIRF LEBL 28
LIRF LEBL 28
LIRF LEBL 28
LIRF LEBL 28
LIRF LEBL 28
LIRF LEBL 28
LIRQ EHAM 2
LIRQ EHAM 2
LLBG EGGW 22
LLBG EGGW 22
LLBG EGGW 22
LLBG EGGW 22
LLBG EGGW 22
LLBG EGGW 22
LLBG EGGW 22
LLBG EGGW 22
LLBG EGGW 22
LLBG EGGW 22
LLBG EGGW 22
LLBG EGGW 22
LLBG EGGW 22
LLBG EGGW 22
LLBG EGGW 22
LLBG EGGW 22
LLBG EGGW 22
LLBG EGGW 22
LLBG EGGW 22
LLBG EGGW 22
LLBG EGGW 22
LLBG EGGW 22
LOWW LUKK 3
LOWW LUKK 3
LOWW LUKK 3
LPPT EHAM 14
LPPT EHAM 14
LPPT EHAM 14
LPPT EHAM 14
LPPT EHAM 14
LPPT EHAM 14
LPPT EHAM 14
LPPT EHAM 14
LPPT EHAM 14
LPPT EHAM 14
LPPT EHAM 14
LPPT EHAM 14
LPPT EHAM 14
LPPT EHAM 14
LRCL EGCN 2
LRCL EGCN 2
LRCV LEMD 2
LRCV LEMD 2
LSGG EGLL 12
LSGG EGLL 12
LSGG EGLL 12
LSGG EGLL 12
LSGG EGLL 12
LSGG EGLL 12
LSGG EGLL 12
LSGG EGLL 12
LSGG EGLL 12
LSGG EGLL 12
LSGG EGLL 12
LSGG EGLL 12
LSZH EGLL 15
LSZH EGLL 15
LSZH EGLL 15
LSZH EGLL 15
LSZH EGLL 15
LSZH EGLL 15
LSZH EGLL 15
LSZH EGLL 15
LSZH EGLL 15
LSZH EGLL 15
LSZH EGLL 15
LSZH EGLL 15
LSZH EGLL 15
LSZH EGLL 15
LSZH EGLL 15
LTAI LFSB 4
LTAI LFSB 4
LTAI LFSB 4
LTAI LFSB 4
LUKK UUEE 3
LUKK UUEE 3
LUKK UUEE 3
OLBA UUEE 4
OLBA UUEE 4
OLBA UUEE 4
OLBA UUEE 4
UMMS UUEE 1
URKK UUEE 2
URKK UUEE 2
URSS UUEE 9
URSS UUEE 9
URSS UUEE 9
URSS UUEE 9
URSS UUEE 9
URSS UUEE 9
URSS UUEE 9
URSS UUEE 9
URSS UUEE 9
UUEE URSS 42
UUEE URSS 42
UUEE URSS 42
UUEE URSS 42
UUEE URSS 42
UUEE URSS 42
UUEE URSS 42
UUEE URSS 42
UUEE URSS 42
UUEE URSS 42
UUEE URSS 42
UUEE URSS 42
UUEE URSS 42
UUEE URSS 42
UUEE URSS 42
UUEE URSS 42
UUEE URSS 42
UUEE URSS 42
UUEE URSS 42
UUEE URSS 42
UUEE URSS 42
UUEE URSS 42
UUEE URSS 42
UUEE URSS 42
UUEE URSS 42
UUEE URSS 42
UUEE URSS 42
UUEE URSS 42
UUEE URSS 42
UUEE URSS 42
UUEE URSS 42
UUEE URSS 42
UUEE URSS 42
UUEE URSS 42
UUEE URSS 42
UUEE URSS 42
UUEE URSS 42
UUEE URSS 42
UUEE URSS 42
UUEE URSS 42
UUEE URSS 42
UUEE URSS 42

